<?xml version="1.0" encoding="utf-8"?><testsuites name="pytest tests"><testsuite name="pytest" errors="0" failures="0" skipped="0" tests="12" time="0.896" timestamp="2026-01-14T15:56:36.574528+00:00" hostname="agent-env-9c9244ea-6480-4551-ad60-a43165ec6c10"><testcase classname="tests.test_chat_notifications.TestChatNotificationSystem" name="test_poll_endpoint_returns_new_messages" time="0.310" /><testcase classname="tests.test_chat_notifications.TestChatNotificationSystem" name="test_poll_with_since_parameter" time="0.040" /><testcase classname="tests.test_chat_notifications.TestChatNotificationSystem" name="test_poll_with_conversation_id_returns_read_updates" time="0.020" /><testcase classname="tests.test_chat_notifications.TestChatNotificationSystem" name="test_supervisor_can_send_message_to_agent" time="0.274" /><testcase classname="tests.test_chat_notifications.TestChatNotificationSystem" name="test_agent_receives_message_via_poll" time="0.029" /><testcase classname="tests.test_chat_notifications.TestChatNotificationSystem" name="test_unread_count_increases_for_new_message" time="0.033" /><testcase classname="tests.test_chat_notifications.TestChatNotificationSystem" name="test_mark_as_read_decreases_unread_count" time="0.031" /><testcase classname="tests.test_chat_notifications.TestChatNotificationSystem" name="test_message_read_by_array_excludes_recipient_initially" time="0.011" /><testcase classname="tests.test_chat_notifications.TestChatNotificationSystem" name="test_poll_returns_sender_info" time="0.031" /><testcase classname="tests.test_chat_notifications.TestChatNotificationSystem" name="test_typing_indicator_endpoint" time="0.026" /><testcase classname="tests.test_chat_notifications.TestAgentRoleRestrictions" name="test_agent_can_see_supervisor_in_users_list" time="0.010" /><testcase classname="tests.test_chat_notifications.TestAgentRoleRestrictions" name="test_agent_cannot_see_other_agents" time="0.011" /></testsuite></testsuites>