<?xml version="1.0" encoding="utf-8"?><testsuites name="pytest tests"><testsuite name="pytest" errors="0" failures="0" skipped="2" tests="16" time="10.492" timestamp="2026-01-14T14:53:15.895958+00:00" hostname="agent-env-9c9244ea-6480-4551-ad60-a43165ec6c10"><testcase classname="tests.test_chat_role_restrictions.TestAgentChatRestrictions" name="test_agent_can_only_see_admins_and_supervisor" time="0.872" /><testcase classname="tests.test_chat_role_restrictions.TestAgentChatRestrictions" name="test_agent_cannot_see_other_agents" time="0.830" /><testcase classname="tests.test_chat_role_restrictions.TestAgentChatRestrictions" name="test_agent_sees_at_least_one_admin" time="0.815" /><testcase classname="tests.test_chat_role_restrictions.TestAgentChatRestrictions" name="test_agent_sees_team_supervisor" time="0.838" /><testcase classname="tests.test_chat_role_restrictions.TestAgentChatRestrictions" name="test_agent_cannot_create_conversation_with_other_agent" time="0.855" /><testcase classname="tests.test_chat_role_restrictions.TestAgentChatRestrictions" name="test_agent_can_create_conversation_with_admin" time="1.159" /><testcase classname="tests.test_chat_role_restrictions.TestAgentChatRestrictions" name="test_agent_can_create_conversation_with_supervisor" time="0.827" /><testcase classname="tests.test_chat_role_restrictions.TestAgentChatRestrictions" name="test_agent_conversation_list_excludes_agent_to_agent_chats" time="0.816" /><testcase classname="tests.test_chat_role_restrictions.TestAgentChatRestrictions" name="test_agent_can_see_team_chats" time="0.820" /><testcase classname="tests.test_chat_role_restrictions.TestAgentChatRestrictions" name="test_agent_can_see_admin_chats" time="0.823" /><testcase classname="tests.test_chat_role_restrictions.TestAgentWithoutTeam" name="test_agent_without_team_only_sees_admins" time="0.258"><skipped type="pytest.skip" message="Agent without team login failed: {&quot;detail&quot;:&quot;Invalid credentials&quot;}">/app/tests/test_chat_role_restrictions.py:369: Agent without team login failed: {"detail":"Invalid credentials"}</skipped></testcase><testcase classname="tests.test_chat_role_restrictions.TestAgentWithoutTeam" name="test_agent_without_team_cannot_see_supervisors" time="0.257"><skipped type="pytest.skip" message="Agent without team login failed: {&quot;detail&quot;:&quot;Invalid credentials&quot;}">/app/tests/test_chat_role_restrictions.py:393: Agent without team login failed: {"detail":"Invalid credentials"}</skipped></testcase><testcase classname="tests.test_chat_role_restrictions.TestSupervisorFullAccess" name="test_supervisor_can_see_all_users" time="0.296" /><testcase classname="tests.test_chat_role_restrictions.TestSupervisorFullAccess" name="test_supervisor_can_see_all_conversations" time="0.309" /><testcase classname="tests.test_chat_role_restrictions.TestAdminFullAccess" name="test_admin_can_see_all_users" time="0.331" /><testcase classname="tests.test_chat_role_restrictions.TestAdminFullAccess" name="test_admin_can_see_all_conversations" time="0.309" /></testsuite></testsuites>