<?xml version="1.0" encoding="utf-8"?><testsuites name="pytest tests"><testsuite name="pytest" errors="0" failures="0" skipped="0" tests="10" time="0.811" timestamp="2026-01-12T18:59:34.298332+00:00" hostname="agent-env-e2089a5c-4ded-4b3a-9690-2a803c753341"><testcase classname="tests.test_finance_agent_filter.TestFinanceAgentFilter" name="test_no_filter_returns_all_deposits" time="0.336" /><testcase classname="tests.test_finance_agent_filter.TestFinanceAgentFilter" name="test_agent_filter_nicolo_zennaro" time="0.049" /><testcase classname="tests.test_finance_agent_filter.TestFinanceAgentFilter" name="test_agent_filter_audit_user" time="0.048" /><testcase classname="tests.test_finance_agent_filter.TestFinanceAgentFilter" name="test_agent_filter_agente_december" time="0.049" /><testcase classname="tests.test_finance_agent_filter.TestFinanceAgentFilter" name="test_agent_filter_nonexistent_agent" time="0.047" /><testcase classname="tests.test_finance_agent_filter.TestFinanceDateFilters" name="test_date_range_filter" time="0.044" /><testcase classname="tests.test_finance_agent_filter.TestFinanceDateFilters" name="test_date_range_with_agent_filter" time="0.047" /><testcase classname="tests.test_finance_agent_filter.TestFinanceDateFilters" name="test_month_year_filter" time="0.048" /><testcase classname="tests.test_finance_agent_filter.TestFinanceCommissionCalculations" name="test_commission_calculation_with_agent_filter" time="0.048" /><testcase classname="tests.test_finance_agent_filter.TestFinanceResponseStructure" name="test_response_structure" time="0.044" /></testsuite></testsuites>