<?xml version="1.0" encoding="utf-8"?><testsuites name="pytest tests"><testsuite name="pytest" errors="0" failures="0" skipped="0" tests="11" time="1.517" timestamp="2026-01-10T15:22:25.485100+00:00" hostname="agent-env-2ad5088b-bdb3-449d-a9e8-9ce9af0e3595"><testcase classname="tests.test_crm_mass_actions.TestAuthentication" name="test_login_success" time="0.301" /><testcase classname="tests.test_crm_mass_actions.TestAuthentication" name="test_login_invalid_credentials" time="0.042" /><testcase classname="tests.test_crm_mass_actions.TestLeadsPagination" name="test_get_leads_default_pagination" time="0.308" /><testcase classname="tests.test_crm_mass_actions.TestLeadsPagination" name="test_get_leads_high_limit_for_export" time="0.085" /><testcase classname="tests.test_crm_mass_actions.TestMassDelete" name="test_mass_delete_endpoint_exists" time="0.042" /><testcase classname="tests.test_crm_mass_actions.TestMassDelete" name="test_mass_delete_with_test_leads" time="0.418" /><testcase classname="tests.test_crm_mass_actions.TestMassDelete" name="test_mass_delete_invalid_ids" time="0.040" /><testcase classname="tests.test_crm_mass_actions.TestMassUpdate" name="test_mass_update_endpoint_exists" time="0.042" /><testcase classname="tests.test_crm_mass_actions.TestLeadsEndpoints" name="test_get_statuses" time="0.043" /><testcase classname="tests.test_crm_mass_actions.TestLeadsEndpoints" name="test_get_teams" time="0.040" /><testcase classname="tests.test_crm_mass_actions.TestLeadsEndpoints" name="test_get_users" time="0.036" /></testsuite></testsuites>