<?xml version="1.0" encoding="utf-8"?><testsuites name="pytest tests"><testsuite name="pytest" errors="0" failures="0" skipped="0" tests="11" time="5.638" timestamp="2026-01-14T14:28:06.293636+00:00" hostname="agent-env-9c9244ea-6480-4551-ad60-a43165ec6c10"><testcase classname="tests.test_chat_unknown_user_fix.TestChatUnknownUserFix" name="test_post_conversations_new_returns_participants_with_full_name" time="0.663" /><testcase classname="tests.test_chat_unknown_user_fix.TestChatUnknownUserFix" name="test_post_conversations_existing_returns_participants_with_full_name" time="0.620" /><testcase classname="tests.test_chat_unknown_user_fix.TestChatUnknownUserFix" name="test_get_conversations_returns_participants_with_full_name" time="0.565" /><testcase classname="tests.test_chat_unknown_user_fix.TestChatUnknownUserFix" name="test_system_notifications_participant_has_full_name" time="0.581" /><testcase classname="tests.test_chat_unknown_user_fix.TestChatUnknownUserFix" name="test_new_conversation_flow_no_unknown_user" time="0.607" /><testcase classname="tests.test_chat_unknown_user_fix.TestChatUnknownUserFix" name="test_existing_conversation_click_no_unknown_user" time="0.575" /><testcase classname="tests.test_chat_unknown_user_fix.TestChatUnknownUserFix" name="test_conversation_with_multiple_participants" time="0.570" /><testcase classname="tests.test_chat_unknown_user_fix.TestChatBasicFunctionality" name="test_get_chat_users" time="0.303" /><testcase classname="tests.test_chat_unknown_user_fix.TestChatBasicFunctionality" name="test_get_conversations" time="0.308" /><testcase classname="tests.test_chat_unknown_user_fix.TestChatBasicFunctionality" name="test_send_message" time="0.368" /><testcase classname="tests.test_chat_unknown_user_fix.TestChatBasicFunctionality" name="test_get_messages" time="0.345" /></testsuite></testsuites>