<?xml version="1.0" encoding="utf-8"?><testsuites name="pytest tests"><testsuite name="pytest" errors="0" failures="0" skipped="0" tests="11" time="3.357" timestamp="2026-01-12T18:04:45.917459+00:00" hostname="agent-env-e2089a5c-4ded-4b3a-9690-2a803c753341"><testcase classname="tests.test_leads_sorting.TestLeadsSorting" name="test_default_sorting_created_at_desc" time="0.318" /><testcase classname="tests.test_leads_sorting.TestLeadsSorting" name="test_sort_by_fullname_asc" time="0.284" /><testcase classname="tests.test_leads_sorting.TestLeadsSorting" name="test_sort_by_fullname_desc" time="0.272" /><testcase classname="tests.test_leads_sorting.TestLeadsSorting" name="test_sort_by_email_asc" time="0.274" /><testcase classname="tests.test_leads_sorting.TestLeadsSorting" name="test_sort_by_status_asc" time="0.280" /><testcase classname="tests.test_leads_sorting.TestLeadsSorting" name="test_sort_by_amountlost_desc" time="0.278" /><testcase classname="tests.test_leads_sorting.TestLeadsSorting" name="test_sort_by_created_at_asc" time="0.271" /><testcase classname="tests.test_leads_sorting.TestLeadsSorting" name="test_sort_with_pagination" time="0.287" /><testcase classname="tests.test_leads_sorting.TestLeadsSorting" name="test_sort_with_filters" time="0.270" /><testcase classname="tests.test_leads_sorting.TestLeadsSorting" name="test_invalid_sort_field_fallback" time="0.273" /><testcase classname="tests.test_leads_sorting.TestLeadsSorting" name="test_all_allowed_sort_fields" time="0.370" /></testsuite></testsuites>